<?xml version="1.0" encoding="UTF-8"?>
<!-- Generated by org.testng.reporters.JUnitReportReporter -->
<testsuite hostname="LAPTOP-RQNIS4LV" failures="0" tests="1" name="com.inetBanking.testCases.TC_AddCustomerTest_003" time="33.435" errors="0" timestamp="2021-06-05T11:53:01 IST" skipped="0">
  <testcase classname="com.inetBanking.testCases.TC_AddCustomerTest_003" name="addNewCustomer" time="33.435"/>
  <system-out/>
</testsuite> <!-- com.inetBanking.testCases.TC_AddCustomerTest_003 -->
